<?xml version="1.0" encoding="UTF-8"?>
<testsuite xmlns:xsi="http://www.w3.org/2001/XMLSchema-instance" xsi:noNamespaceSchemaLocation="https://maven.apache.org/surefire/maven-surefire-plugin/xsd/surefire-test-report-3.0.xsd" version="3.0" name="AccountServiceTest" time="0.295" tests="9" errors="0" skipped="0" failures="0">
  <properties>
[...]
</properties>
  <testcase name="testOpenAccount" classname="AccountServiceTest" time="0.172"/>
  <testcase name="testDeposit_AccountNotFound" classname="AccountServiceTest" time="0.017"/>
  <testcase name="testWithdraw_AccountNotFound" classname="AccountServiceTest" time="0.011"/>
  <testcase name="testWithdraw_InvalidAmount" classname="AccountServiceTest" time="0.014"/>
  <testcase name="testWithdraw" classname="AccountServiceTest" time="0.012"/>
  <testcase name="testDeposit_NegativeAmount" classname="AccountServiceTest" time="0.02"/>
  <testcase name="testCheckBalance" classname="AccountServiceTest" time="0.006"/>
  <testcase name="testWithdraw_NegativeAmount" classname="AccountServiceTest" time="0.01"/>
  <testcase name="testDeposit" classname="AccountServiceTest" time="0.009"/>
</testsuite>